<?xml version="1.0" encoding="UTF-8"?>
<!-- Generated by org.testng.reporters.JUnitReportReporter -->
<testsuite hostname="ad-PC" name="Com.powerblog.CreateSite" tests="1" failures="0" timestamp="14 Mar 2017 11:48:20 GMT" time="68.495" errors="0">
  <testcase name="f" time="68.495" classname="Com.powerblog.CreateSite"/>
</testsuite> <!-- Com.powerblog.CreateSite -->
