<?xml version="1.0" encoding="UTF-8"?>
<!-- Generated by org.testng.reporters.JUnitReportReporter -->
<testsuite hostname="ad-PC" name="Com.powerblog.checksite" tests="1" failures="0" timestamp="14 Mar 2017 11:46:51 GMT" time="67.820" errors="0">
  <testcase name="f" time="67.820" classname="Com.powerblog.checksite"/>
</testsuite> <!-- Com.powerblog.checksite -->
